<?xml version="1.0" encoding="UTF-8"?>
<coverage generated="1685286660522" clover="3.2.0">
  <project timestamp="1685286660522" name="All files">
    <metrics statements="59" coveredstatements="32" conditionals="19" coveredconditionals="10" methods="15" coveredmethods="9" elements="93" coveredelements="51" complexity="0" loc="59" ncloc="59" packages="3" files="4" classes="4"/>
    <package name="compomemts">
      <metrics statements="8" coveredstatements="8" conditionals="2" coveredconditionals="2" methods="5" coveredmethods="5"/>
      <file name="ItemCard.js" path="/Users/negar/Desktop/term8/OOP/ooproject/frontend/src/compomemts/ItemCard.js">
        <metrics statements="2" coveredstatements="2" conditionals="0" coveredconditionals="0" methods="1" coveredmethods="1"/>
        <line num="5" count="5" type="stmt"/>
        <line num="6" count="5" type="stmt"/>
      </file>
      <file name="Payment.js" path="/Users/negar/Desktop/term8/OOP/ooproject/frontend/src/compomemts/Payment.js">
        <metrics statements="6" coveredstatements="6" conditionals="2" coveredconditionals="2" methods="4" coveredmethods="4"/>
        <line num="15" count="7" type="stmt"/>
        <line num="17" count="7" type="stmt"/>
        <line num="18" count="7" type="stmt"/>
        <line num="19" count="7" type="stmt"/>
        <line num="21" count="7" type="stmt"/>
        <line num="33" count="1" type="stmt"/>
      </file>
    </package>
    <package name="context">
      <metrics statements="17" coveredstatements="3" conditionals="6" coveredconditionals="0" methods="3" coveredmethods="0"/>
      <file name="AuthContext.js" path="/Users/negar/Desktop/term8/OOP/ooproject/frontend/src/context/AuthContext.js">
        <metrics statements="17" coveredstatements="3" conditionals="6" coveredconditionals="0" methods="3" coveredmethods="0"/>
        <line num="4" count="1" type="stmt"/>
        <line num="6" count="1" type="stmt"/>
        <line num="7" count="0" type="cond" truecount="0" falsecount="4"/>
        <line num="9" count="0" type="stmt"/>
        <line num="11" count="0" type="stmt"/>
        <line num="13" count="0" type="stmt"/>
        <line num="15" count="0" type="stmt"/>
        <line num="19" count="1" type="stmt"/>
        <line num="21" count="0" type="stmt"/>
        <line num="26" count="0" type="stmt"/>
        <line num="27" count="0" type="stmt"/>
        <line num="28" count="0" type="stmt"/>
        <line num="29" count="0" type="stmt"/>
        <line num="31" count="0" type="cond" truecount="0" falsecount="2"/>
        <line num="33" count="0" type="stmt"/>
        <line num="37" count="0" type="stmt"/>
        <line num="40" count="0" type="stmt"/>
      </file>
    </package>
    <package name="hooks">
      <metrics statements="34" coveredstatements="21" conditionals="11" coveredconditionals="8" methods="7" coveredmethods="4"/>
      <file name="useFetch.js" path="/Users/negar/Desktop/term8/OOP/ooproject/frontend/src/hooks/useFetch.js">
        <metrics statements="34" coveredstatements="21" conditionals="11" coveredconditionals="8" methods="7" coveredmethods="4"/>
        <line num="5" count="8" type="cond" truecount="1" falsecount="0"/>
        <line num="6" count="23" type="stmt"/>
        <line num="7" count="23" type="stmt"/>
        <line num="8" count="23" type="stmt"/>
        <line num="9" count="23" type="stmt"/>
        <line num="11" count="23" type="stmt"/>
        <line num="12" count="0" type="stmt"/>
        <line num="22" count="23" type="stmt"/>
        <line num="23" count="0" type="stmt"/>
        <line num="33" count="23" type="stmt"/>
        <line num="34" count="0" type="stmt"/>
        <line num="43" count="23" type="stmt"/>
        <line num="44" count="11" type="stmt"/>
        <line num="46" count="11" type="stmt"/>
        <line num="47" count="10" type="stmt"/>
        <line num="49" count="10" type="stmt"/>
        <line num="54" count="10" type="stmt"/>
        <line num="55" count="10" type="stmt"/>
        <line num="56" count="0" type="stmt"/>
        <line num="57" count="0" type="stmt"/>
        <line num="58" count="0" type="stmt"/>
        <line num="59" count="0" type="stmt"/>
        <line num="60" count="0" type="stmt"/>
        <line num="62" count="0" type="cond" truecount="0" falsecount="2"/>
        <line num="63" count="0" type="stmt"/>
        <line num="65" count="0" type="stmt"/>
        <line num="66" count="0" type="stmt"/>
        <line num="71" count="11" type="cond" truecount="2" falsecount="0"/>
        <line num="72" count="10" type="stmt"/>
        <line num="74" count="11" type="cond" truecount="5" falsecount="1"/>
        <line num="75" count="0" type="stmt"/>
        <line num="77" count="11" type="stmt"/>
        <line num="78" count="11" type="stmt"/>
        <line num="83" count="23" type="stmt"/>
      </file>
    </package>
  </project>
</coverage>
