TN:
SF:src/compomemts/ItemCard.js
FN:4,Itemcard
FNF:1
FNH:1
FNDA:5,Itemcard
DA:5,5
DA:6,5
LF:2
LH:2
BRF:0
BRH:0
end_of_record
TN:
SF:src/compomemts/Payment.js
FN:8,Payment
FN:18,(anonymous_1)
FN:19,(anonymous_2)
FN:33,(anonymous_3)
FNF:4
FNH:4
FNDA:7,Payment
FNDA:1,(anonymous_1)
FNDA:4,(anonymous_2)
FNDA:1,(anonymous_3)
DA:15,7
DA:17,7
DA:18,7
DA:19,7
DA:21,7
DA:33,1
LF:6
LH:6
BRDA:31,0,0,7
BRDA:31,0,1,7
BRF:2
BRH:2
end_of_record
TN:
SF:src/context/AuthContext.js
FN:6,(anonymous_0)
FN:19,(anonymous_1)
FN:26,(anonymous_2)
FNF:3
FNH:0
FNDA:0,(anonymous_0)
FNDA:0,(anonymous_1)
FNDA:0,(anonymous_2)
DA:4,1
DA:6,1
DA:7,0
DA:9,0
DA:11,0
DA:13,0
DA:15,0
DA:19,1
DA:21,0
DA:26,0
DA:27,0
DA:28,0
DA:29,0
DA:31,0
DA:33,0
DA:37,0
DA:40,0
LF:17
LH:3
BRDA:7,0,0,0
BRDA:7,0,1,0
BRDA:7,0,2,0
BRDA:7,0,3,0
BRDA:31,1,0,0
BRDA:31,1,1,0
BRF:6
BRH:0
end_of_record
TN:
SF:src/hooks/useFetch.js
FN:5,(anonymous_0)
FN:11,(anonymous_1)
FN:22,(anonymous_2)
FN:33,(anonymous_3)
FN:43,(anonymous_4)
FN:46,(anonymous_5)
FN:77,(anonymous_6)
FNF:7
FNH:4
FNDA:23,(anonymous_0)
FNDA:0,(anonymous_1)
FNDA:0,(anonymous_2)
FNDA:0,(anonymous_3)
FNDA:11,(anonymous_4)
FNDA:10,(anonymous_5)
FNDA:11,(anonymous_6)
DA:5,8
DA:6,23
DA:7,23
DA:8,23
DA:9,23
DA:11,23
DA:12,0
DA:22,23
DA:23,0
DA:33,23
DA:34,0
DA:43,23
DA:44,11
DA:46,11
DA:47,10
DA:49,10
DA:54,10
DA:55,10
DA:56,0
DA:57,0
DA:58,0
DA:59,0
DA:60,0
DA:62,0
DA:63,0
DA:65,0
DA:66,0
DA:71,11
DA:72,10
DA:74,11
DA:75,0
DA:77,11
DA:78,11
DA:83,23
LF:34
LH:21
BRDA:5,0,0,21
BRDA:62,1,0,0
BRDA:62,1,1,0
BRDA:71,2,0,10
BRDA:71,2,1,1
BRDA:74,3,0,0
BRDA:74,3,1,11
BRDA:74,4,0,11
BRDA:74,4,1,10
BRDA:74,4,2,10
BRDA:74,4,3,1
BRF:11
BRH:8
end_of_record
